<?xml version="1.0" encoding="UTF-8"?>
<!-- Generated by org.testng.reporters.JUnitXMLReporter -->
<testsuite hostname="LAPTOP-SAK3LAUE" ignored="0" name="Default test" tests="3" failures="0" timestamp="13 Feb 2019 20:27:25 GMT" time="48.722" errors="0">
  <testcase name="fillformTest" time="0.005" classname="com.gforms.qa.pages.FormPageTest2"/>
  <testcase name="fillformTest" time="0.002" classname="com.gforms.qa.pages.FormPageTest2"/>
  <testcase name="fillformTest" time="0.001" classname="com.gforms.qa.pages.FormPageTest2"/>
</testsuite> <!-- Default test -->
