<?xml version="1.0" encoding="UTF-8"?>
<!-- Generated by org.testng.reporters.JUnitXMLReporter -->
<testsuite hostname="LAPTOP-SAK3LAUE" ignored="0" name="Default test" tests="5" failures="0" timestamp="14 Feb 2019 19:09:09 GMT" time="124.743" errors="0">
  <testcase name="fillformTest" time="23.651" classname="com.gforms.qa.pages.FormPageTest2"/>
  <testcase name="fillformTest" time="23.966" classname="com.gforms.qa.pages.FormPageTest2"/>
  <testcase name="fillformTest" time="25.196" classname="com.gforms.qa.pages.FormPageTest2"/>
  <testcase name="deleteQuestion" time="2.512" classname="com.gforms.qa.pages.FormPageTest2"/>
  <testcase name="saveFormData" time="3.582" classname="com.gforms.qa.pages.FormPageTest2"/>
</testsuite> <!-- Default test -->
