<?xml version="1.0" encoding="UTF-8"?>
<testng-results skipped="0" failed="0" ignored="0" total="4" passed="4">
  <reporter-output>
  </reporter-output>
  <suite name="Default suite" duration-ms="103567" started-at="2019-02-14T04:05:28Z" finished-at="2019-02-14T04:07:11Z">
    <groups>
    </groups>
    <test name="Default test" duration-ms="103567" started-at="2019-02-14T04:05:28Z" finished-at="2019-02-14T04:07:11Z">
      <class name="com.gforms.qa.pages.FormPageTest2">
        <test-method status="PASS" signature="setup()[pri:0, instance:com.gforms.qa.pages.FormPageTest2@13b32d7]" name="setup" is-config="true" duration-ms="46746" started-at="2019-02-14T04:05:28Z" finished-at="2019-02-14T04:06:14Z">
          <reporter-output>
          </reporter-output>
        </test-method> <!-- setup -->
        <test-method status="PASS" signature="fillformTest([Ljava.lang.String;)[pri:0, instance:com.gforms.qa.pages.FormPageTest2@13b32d7]" name="fillformTest" duration-ms="17502" started-at="2019-02-14T04:06:14Z" data-provider="dataprovider1" finished-at="2019-02-14T04:06:32Z">
          <params>
            <param index="0">
              <value>
                <![CDATA[[Ljava.lang.String;@15838f]]>
              </value>
            </param>
          </params>
          <reporter-output>
          </reporter-output>
        </test-method> <!-- fillformTest -->
        <test-method status="PASS" signature="fillformTest([Ljava.lang.String;)[pri:0, instance:com.gforms.qa.pages.FormPageTest2@13b32d7]" name="fillformTest" duration-ms="18184" started-at="2019-02-14T04:06:32Z" data-provider="dataprovider1" finished-at="2019-02-14T04:06:50Z">
          <params>
            <param index="0">
              <value>
                <![CDATA[[Ljava.lang.String;@12ba1db]]>
              </value>
            </param>
          </params>
          <reporter-output>
          </reporter-output>
        </test-method> <!-- fillformTest -->
        <test-method status="PASS" signature="fillformTest([Ljava.lang.String;)[pri:0, instance:com.gforms.qa.pages.FormPageTest2@13b32d7]" name="fillformTest" duration-ms="17758" started-at="2019-02-14T04:06:50Z" data-provider="dataprovider1" finished-at="2019-02-14T04:07:08Z">
          <params>
            <param index="0">
              <value>
                <![CDATA[[Ljava.lang.String;@89aca5]]>
              </value>
            </param>
          </params>
          <reporter-output>
          </reporter-output>
        </test-method> <!-- fillformTest -->
        <test-method status="PASS" signature="saveFormData()[pri:0, instance:com.gforms.qa.pages.FormPageTest2@13b32d7]" name="saveFormData" duration-ms="3337" started-at="2019-02-14T04:07:08Z" finished-at="2019-02-14T04:07:11Z">
          <reporter-output>
          </reporter-output>
        </test-method> <!-- saveFormData -->
      </class> <!-- com.gforms.qa.pages.FormPageTest2 -->
    </test> <!-- Default test -->
  </suite> <!-- Default suite -->
</testng-results>
